2022-12-20 11:18:56 INFO  HomePage :90 - Click on menu tab : [[[ChromeDriver: chrome on WINDOWS (7423aa8a34ab2aada0f07313f4dd862f)] -> xpath: //div[@class='header-menu']/child::ul[1]/li/a], [[ChromeDriver: chrome on WINDOWS (7423aa8a34ab2aada0f07313f4dd862f)] -> xpath: //div[@class='header-menu']/child::ul[1]/li/a], [[ChromeDriver: chrome on WINDOWS (7423aa8a34ab2aada0f07313f4dd862f)] -> xpath: //div[@class='header-menu']/child::ul[1]/li/a], [[ChromeDriver: chrome on WINDOWS (7423aa8a34ab2aada0f07313f4dd862f)] -> xpath: //div[@class='header-menu']/child::ul[1]/li/a], [[ChromeDriver: chrome on WINDOWS (7423aa8a34ab2aada0f07313f4dd862f)] -> xpath: //div[@class='header-menu']/child::ul[1]/li/a], [[ChromeDriver: chrome on WINDOWS (7423aa8a34ab2aada0f07313f4dd862f)] -> xpath: //div[@class='header-menu']/child::ul[1]/li/a], [[ChromeDriver: chrome on WINDOWS (7423aa8a34ab2aada0f07313f4dd862f)] -> xpath: //div[@class='header-menu']/child::ul[1]/li/a]]
2022-12-20 11:18:57 INFO  ComputerPage :33 - Get page title text : [[ChromeDriver: chrome on WINDOWS (7423aa8a34ab2aada0f07313f4dd862f)] -> css selector: div[class='page-title'] h1]
2022-12-20 11:19:01 INFO  HomePage :49 - Click on login link : [[ChromeDriver: chrome on WINDOWS (4c7805c280c0fc6ea070124391bdf756)] -> link text: Log in]
2022-12-20 11:19:02 INFO  LoginPage :42 - Get welcome text : [[ChromeDriver: chrome on WINDOWS (4c7805c280c0fc6ea070124391bdf756)] -> xpath: //h1[contains(text(),'Welcome, Please Sign In!')]]
2022-12-20 11:19:05 INFO  HomePage :60 - Click on register link : [[ChromeDriver: chrome on WINDOWS (656ebb1a81fe277ae5dae7f7f7875a22)] -> link text: Register]
2022-12-20 11:19:06 INFO  RegisterPage :82 - Get register text : [[ChromeDriver: chrome on WINDOWS (656ebb1a81fe277ae5dae7f7f7875a22)] -> css selector: div[class='page-title'] h1]
2022-12-20 11:19:53 INFO  HomePage :90 - Click on menu tab : [[[ChromeDriver: chrome on WINDOWS (7f23b36ae26364d3a95d545d702b2128)] -> xpath: //div[@class='header-menu']/child::ul[1]/li/a], [[ChromeDriver: chrome on WINDOWS (7f23b36ae26364d3a95d545d702b2128)] -> xpath: //div[@class='header-menu']/child::ul[1]/li/a], [[ChromeDriver: chrome on WINDOWS (7f23b36ae26364d3a95d545d702b2128)] -> xpath: //div[@class='header-menu']/child::ul[1]/li/a], [[ChromeDriver: chrome on WINDOWS (7f23b36ae26364d3a95d545d702b2128)] -> xpath: //div[@class='header-menu']/child::ul[1]/li/a], [[ChromeDriver: chrome on WINDOWS (7f23b36ae26364d3a95d545d702b2128)] -> xpath: //div[@class='header-menu']/child::ul[1]/li/a], [[ChromeDriver: chrome on WINDOWS (7f23b36ae26364d3a95d545d702b2128)] -> xpath: //div[@class='header-menu']/child::ul[1]/li/a], [[ChromeDriver: chrome on WINDOWS (7f23b36ae26364d3a95d545d702b2128)] -> xpath: //div[@class='header-menu']/child::ul[1]/li/a]]
2022-12-20 11:19:53 INFO  ComputerPage :40 - Click on sub menu : [[[ChromeDriver: chrome on WINDOWS (7f23b36ae26364d3a95d545d702b2128)] -> xpath: //div[@class='category-grid sub-category-grid']//h2/a], [[ChromeDriver: chrome on WINDOWS (7f23b36ae26364d3a95d545d702b2128)] -> xpath: //div[@class='category-grid sub-category-grid']//h2/a], [[ChromeDriver: chrome on WINDOWS (7f23b36ae26364d3a95d545d702b2128)] -> xpath: //div[@class='category-grid sub-category-grid']//h2/a]]
2022-12-20 11:19:54 INFO  ComputerPage :33 - Get page title text : [[ChromeDriver: chrome on WINDOWS (7f23b36ae26364d3a95d545d702b2128)] -> css selector: div[class='page-title'] h1]
2022-12-20 11:19:58 INFO  HomePage :49 - Click on login link : [[ChromeDriver: chrome on WINDOWS (4a53c963e278f5edc5151165aa58a6d1)] -> link text: Log in]
2022-12-20 11:19:59 INFO  LoginPage :48 - Enter email : [[ChromeDriver: chrome on WINDOWS (4a53c963e278f5edc5151165aa58a6d1)] -> id: Email]
2022-12-20 11:19:59 INFO  LoginPage :53 - Enter password : [[ChromeDriver: chrome on WINDOWS (4a53c963e278f5edc5151165aa58a6d1)] -> name: Password]
2022-12-20 11:19:59 INFO  LoginPage :58 - Click on login button : [[ChromeDriver: chrome on WINDOWS (4a53c963e278f5edc5151165aa58a6d1)] -> xpath: //button[contains(text(),'Log in')]]
2022-12-20 11:19:59 INFO  LoginPage :63 - Get error message : [[ChromeDriver: chrome on WINDOWS (4a53c963e278f5edc5151165aa58a6d1)] -> xpath: //div[@class='message-error validation-summary-errors']]
2022-12-20 11:20:02 INFO  HomePage :60 - Click on register link : [[ChromeDriver: chrome on WINDOWS (46637a980ef01084bdaf24c0534ee235)] -> link text: Register]
2022-12-20 11:20:03 INFO  RegisterPage :129 - Click on register button : [[ChromeDriver: chrome on WINDOWS (46637a980ef01084bdaf24c0534ee235)] -> css selector: #register-button]
2022-12-20 11:20:03 INFO  RegisterPage :138 - Get validation error message : [[[ChromeDriver: chrome on WINDOWS (46637a980ef01084bdaf24c0534ee235)] -> class name: field-validation-error], [[ChromeDriver: chrome on WINDOWS (46637a980ef01084bdaf24c0534ee235)] -> class name: field-validation-error], [[ChromeDriver: chrome on WINDOWS (46637a980ef01084bdaf24c0534ee235)] -> class name: field-validation-error], [[ChromeDriver: chrome on WINDOWS (46637a980ef01084bdaf24c0534ee235)] -> class name: field-validation-error], [[ChromeDriver: chrome on WINDOWS (46637a980ef01084bdaf24c0534ee235)] -> class name: field-validation-error]]
2022-12-20 11:20:03 INFO  RegisterPage :138 - Get validation error message : [[[ChromeDriver: chrome on WINDOWS (46637a980ef01084bdaf24c0534ee235)] -> class name: field-validation-error], [[ChromeDriver: chrome on WINDOWS (46637a980ef01084bdaf24c0534ee235)] -> class name: field-validation-error], [[ChromeDriver: chrome on WINDOWS (46637a980ef01084bdaf24c0534ee235)] -> class name: field-validation-error], [[ChromeDriver: chrome on WINDOWS (46637a980ef01084bdaf24c0534ee235)] -> class name: field-validation-error], [[ChromeDriver: chrome on WINDOWS (46637a980ef01084bdaf24c0534ee235)] -> class name: field-validation-error]]
2022-12-20 11:20:03 INFO  RegisterPage :138 - Get validation error message : [[[ChromeDriver: chrome on WINDOWS (46637a980ef01084bdaf24c0534ee235)] -> class name: field-validation-error], [[ChromeDriver: chrome on WINDOWS (46637a980ef01084bdaf24c0534ee235)] -> class name: field-validation-error], [[ChromeDriver: chrome on WINDOWS (46637a980ef01084bdaf24c0534ee235)] -> class name: field-validation-error], [[ChromeDriver: chrome on WINDOWS (46637a980ef01084bdaf24c0534ee235)] -> class name: field-validation-error], [[ChromeDriver: chrome on WINDOWS (46637a980ef01084bdaf24c0534ee235)] -> class name: field-validation-error]]
2022-12-20 11:20:03 INFO  RegisterPage :138 - Get validation error message : [[[ChromeDriver: chrome on WINDOWS (46637a980ef01084bdaf24c0534ee235)] -> class name: field-validation-error], [[ChromeDriver: chrome on WINDOWS (46637a980ef01084bdaf24c0534ee235)] -> class name: field-validation-error], [[ChromeDriver: chrome on WINDOWS (46637a980ef01084bdaf24c0534ee235)] -> class name: field-validation-error], [[ChromeDriver: chrome on WINDOWS (46637a980ef01084bdaf24c0534ee235)] -> class name: field-validation-error], [[ChromeDriver: chrome on WINDOWS (46637a980ef01084bdaf24c0534ee235)] -> class name: field-validation-error]]
2022-12-20 11:20:03 INFO  RegisterPage :138 - Get validation error message : [[[ChromeDriver: chrome on WINDOWS (46637a980ef01084bdaf24c0534ee235)] -> class name: field-validation-error], [[ChromeDriver: chrome on WINDOWS (46637a980ef01084bdaf24c0534ee235)] -> class name: field-validation-error], [[ChromeDriver: chrome on WINDOWS (46637a980ef01084bdaf24c0534ee235)] -> class name: field-validation-error], [[ChromeDriver: chrome on WINDOWS (46637a980ef01084bdaf24c0534ee235)] -> class name: field-validation-error], [[ChromeDriver: chrome on WINDOWS (46637a980ef01084bdaf24c0534ee235)] -> class name: field-validation-error]]
2022-12-20 17:20:43 INFO  HomePage :60 - Click on register link : [[ChromeDriver: chrome on WINDOWS (564f269dfe2a3a5b32c79117dedd3d00)] -> link text: Register]
2022-12-20 17:20:44 INFO  RegisterPage :89 - Select gender : [[[ChromeDriver: chrome on WINDOWS (564f269dfe2a3a5b32c79117dedd3d00)] -> xpath: //div[@id='gender']//label], [[ChromeDriver: chrome on WINDOWS (564f269dfe2a3a5b32c79117dedd3d00)] -> xpath: //div[@id='gender']//label]]
2022-12-20 17:20:44 INFO  RegisterPage :98 - Enter first name : [[ChromeDriver: chrome on WINDOWS (564f269dfe2a3a5b32c79117dedd3d00)] -> id: FirstName]
2022-12-20 17:20:44 INFO  RegisterPage :103 - Enter last name : [[ChromeDriver: chrome on WINDOWS (564f269dfe2a3a5b32c79117dedd3d00)] -> id: LastName]
2022-12-20 17:20:44 INFO  RegisterPage :110 - Select day : '10', month : 'March', year : '1997'<br>
2022-12-20 17:20:44 INFO  RegisterPage :115 - Enter email : [[ChromeDriver: chrome on WINDOWS (564f269dfe2a3a5b32c79117dedd3d00)] -> name: Email]
2022-12-20 17:20:44 INFO  RegisterPage :120 - Enter password : [[ChromeDriver: chrome on WINDOWS (564f269dfe2a3a5b32c79117dedd3d00)] -> id: Password]
2022-12-20 17:20:44 INFO  RegisterPage :125 - Enter confirm password : [[ChromeDriver: chrome on WINDOWS (564f269dfe2a3a5b32c79117dedd3d00)] -> id: ConfirmPassword]
2022-12-20 17:20:44 INFO  RegisterPage :129 - Click on register button : [[ChromeDriver: chrome on WINDOWS (564f269dfe2a3a5b32c79117dedd3d00)] -> css selector: #register-button]
2022-12-20 17:20:45 INFO  RegisterPage :147 - Get your register completed text : [[ChromeDriver: chrome on WINDOWS (564f269dfe2a3a5b32c79117dedd3d00)] -> css selector: .result]
2022-12-20 17:21:49 INFO  HomePage :90 - Click on menu tab : [[[ChromeDriver: chrome on WINDOWS (d97998cb1de53397ea9a91953da8fa04)] -> xpath: //div[@class='header-menu']/child::ul[1]/li/a], [[ChromeDriver: chrome on WINDOWS (d97998cb1de53397ea9a91953da8fa04)] -> xpath: //div[@class='header-menu']/child::ul[1]/li/a], [[ChromeDriver: chrome on WINDOWS (d97998cb1de53397ea9a91953da8fa04)] -> xpath: //div[@class='header-menu']/child::ul[1]/li/a], [[ChromeDriver: chrome on WINDOWS (d97998cb1de53397ea9a91953da8fa04)] -> xpath: //div[@class='header-menu']/child::ul[1]/li/a], [[ChromeDriver: chrome on WINDOWS (d97998cb1de53397ea9a91953da8fa04)] -> xpath: //div[@class='header-menu']/child::ul[1]/li/a], [[ChromeDriver: chrome on WINDOWS (d97998cb1de53397ea9a91953da8fa04)] -> xpath: //div[@class='header-menu']/child::ul[1]/li/a], [[ChromeDriver: chrome on WINDOWS (d97998cb1de53397ea9a91953da8fa04)] -> xpath: //div[@class='header-menu']/child::ul[1]/li/a]]
2022-12-20 17:21:49 INFO  ComputerPage :33 - Get page title text : [[ChromeDriver: chrome on WINDOWS (d97998cb1de53397ea9a91953da8fa04)] -> css selector: div[class='page-title'] h1]
2022-12-20 17:21:53 INFO  HomePage :90 - Click on menu tab : [[[ChromeDriver: chrome on WINDOWS (ce15086b415726ce587bf461855eefad)] -> xpath: //div[@class='header-menu']/child::ul[1]/li/a], [[ChromeDriver: chrome on WINDOWS (ce15086b415726ce587bf461855eefad)] -> xpath: //div[@class='header-menu']/child::ul[1]/li/a], [[ChromeDriver: chrome on WINDOWS (ce15086b415726ce587bf461855eefad)] -> xpath: //div[@class='header-menu']/child::ul[1]/li/a], [[ChromeDriver: chrome on WINDOWS (ce15086b415726ce587bf461855eefad)] -> xpath: //div[@class='header-menu']/child::ul[1]/li/a], [[ChromeDriver: chrome on WINDOWS (ce15086b415726ce587bf461855eefad)] -> xpath: //div[@class='header-menu']/child::ul[1]/li/a], [[ChromeDriver: chrome on WINDOWS (ce15086b415726ce587bf461855eefad)] -> xpath: //div[@class='header-menu']/child::ul[1]/li/a], [[ChromeDriver: chrome on WINDOWS (ce15086b415726ce587bf461855eefad)] -> xpath: //div[@class='header-menu']/child::ul[1]/li/a]]
2022-12-20 17:21:54 INFO  ComputerPage :40 - Click on sub menu : [[[ChromeDriver: chrome on WINDOWS (ce15086b415726ce587bf461855eefad)] -> xpath: //div[@class='category-grid sub-category-grid']//h2/a], [[ChromeDriver: chrome on WINDOWS (ce15086b415726ce587bf461855eefad)] -> xpath: //div[@class='category-grid sub-category-grid']//h2/a], [[ChromeDriver: chrome on WINDOWS (ce15086b415726ce587bf461855eefad)] -> xpath: //div[@class='category-grid sub-category-grid']//h2/a]]
2022-12-20 17:21:54 INFO  ComputerPage :33 - Get page title text : [[ChromeDriver: chrome on WINDOWS (ce15086b415726ce587bf461855eefad)] -> css selector: div[class='page-title'] h1]
2022-12-20 17:21:57 INFO  HomePage :90 - Click on menu tab : [[[ChromeDriver: chrome on WINDOWS (570769620f65c8467ffe8c6e8070becc)] -> xpath: //div[@class='header-menu']/child::ul[1]/li/a], [[ChromeDriver: chrome on WINDOWS (570769620f65c8467ffe8c6e8070becc)] -> xpath: //div[@class='header-menu']/child::ul[1]/li/a], [[ChromeDriver: chrome on WINDOWS (570769620f65c8467ffe8c6e8070becc)] -> xpath: //div[@class='header-menu']/child::ul[1]/li/a], [[ChromeDriver: chrome on WINDOWS (570769620f65c8467ffe8c6e8070becc)] -> xpath: //div[@class='header-menu']/child::ul[1]/li/a], [[ChromeDriver: chrome on WINDOWS (570769620f65c8467ffe8c6e8070becc)] -> xpath: //div[@class='header-menu']/child::ul[1]/li/a], [[ChromeDriver: chrome on WINDOWS (570769620f65c8467ffe8c6e8070becc)] -> xpath: //div[@class='header-menu']/child::ul[1]/li/a], [[ChromeDriver: chrome on WINDOWS (570769620f65c8467ffe8c6e8070becc)] -> xpath: //div[@class='header-menu']/child::ul[1]/li/a]]
2022-12-20 17:21:58 INFO  ComputerPage :40 - Click on sub menu : [[[ChromeDriver: chrome on WINDOWS (570769620f65c8467ffe8c6e8070becc)] -> xpath: //div[@class='category-grid sub-category-grid']//h2/a], [[ChromeDriver: chrome on WINDOWS (570769620f65c8467ffe8c6e8070becc)] -> xpath: //div[@class='category-grid sub-category-grid']//h2/a], [[ChromeDriver: chrome on WINDOWS (570769620f65c8467ffe8c6e8070becc)] -> xpath: //div[@class='category-grid sub-category-grid']//h2/a]]
2022-12-20 17:21:58 INFO  DesktopsPage :58 - Select product : [[[ChromeDriver: chrome on WINDOWS (570769620f65c8467ffe8c6e8070becc)] -> xpath: //div[@class='products-container']//h2/a], [[ChromeDriver: chrome on WINDOWS (570769620f65c8467ffe8c6e8070becc)] -> xpath: //div[@class='products-container']//h2/a], [[ChromeDriver: chrome on WINDOWS (570769620f65c8467ffe8c6e8070becc)] -> xpath: //div[@class='products-container']//h2/a]]
2022-12-20 17:21:59 INFO  BuildYourOwnComputerPage :63 - Select processor: [[ChromeDriver: chrome on WINDOWS (570769620f65c8467ffe8c6e8070becc)] -> id: product_attribute_1]
2022-12-20 17:21:59 INFO  BuildYourOwnComputerPage :68 - Select ram : [[ChromeDriver: chrome on WINDOWS (570769620f65c8467ffe8c6e8070becc)] -> id: product_attribute_2]
2022-12-20 17:21:59 INFO  BuildYourOwnComputerPage :75 - Select hdd : [[ChromeDriver: chrome on WINDOWS (570769620f65c8467ffe8c6e8070becc)] -> xpath: //dd[@id='product_attribute_input_3']//li/label]
2022-12-20 17:21:59 INFO  BuildYourOwnComputerPage :85 - Select OS : [[ChromeDriver: chrome on WINDOWS (570769620f65c8467ffe8c6e8070becc)] -> xpath: //dd[@id='product_attribute_input_4']//li/label]
2022-12-20 17:21:59 INFO  BuildYourOwnComputerPage :95 - Select software : [[ChromeDriver: chrome on WINDOWS (570769620f65c8467ffe8c6e8070becc)] -> xpath: //dd[@id='product_attribute_input_5']//li/label]
2022-12-20 17:21:59 INFO  BuildYourOwnComputerPage :103 - Click on add to cart button : [[ChromeDriver: chrome on WINDOWS (570769620f65c8467ffe8c6e8070becc)] -> xpath: //button[@id='add-to-cart-button-1']]
2022-12-20 17:22:00 INFO  BuildYourOwnComputerPage :108 - Get product added message : [[ChromeDriver: chrome on WINDOWS (570769620f65c8467ffe8c6e8070becc)] -> xpath: //p[@class='content']]
2022-12-20 17:22:03 INFO  HomePage :90 - Click on menu tab : [[[ChromeDriver: chrome on WINDOWS (7b7fa279adfafffc565b9b0ab30d7d1a)] -> xpath: //div[@class='header-menu']/child::ul[1]/li/a], [[ChromeDriver: chrome on WINDOWS (7b7fa279adfafffc565b9b0ab30d7d1a)] -> xpath: //div[@class='header-menu']/child::ul[1]/li/a], [[ChromeDriver: chrome on WINDOWS (7b7fa279adfafffc565b9b0ab30d7d1a)] -> xpath: //div[@class='header-menu']/child::ul[1]/li/a], [[ChromeDriver: chrome on WINDOWS (7b7fa279adfafffc565b9b0ab30d7d1a)] -> xpath: //div[@class='header-menu']/child::ul[1]/li/a], [[ChromeDriver: chrome on WINDOWS (7b7fa279adfafffc565b9b0ab30d7d1a)] -> xpath: //div[@class='header-menu']/child::ul[1]/li/a], [[ChromeDriver: chrome on WINDOWS (7b7fa279adfafffc565b9b0ab30d7d1a)] -> xpath: //div[@class='header-menu']/child::ul[1]/li/a], [[ChromeDriver: chrome on WINDOWS (7b7fa279adfafffc565b9b0ab30d7d1a)] -> xpath: //div[@class='header-menu']/child::ul[1]/li/a]]
2022-12-20 17:22:04 INFO  ComputerPage :40 - Click on sub menu : [[[ChromeDriver: chrome on WINDOWS (7b7fa279adfafffc565b9b0ab30d7d1a)] -> xpath: //div[@class='category-grid sub-category-grid']//h2/a], [[ChromeDriver: chrome on WINDOWS (7b7fa279adfafffc565b9b0ab30d7d1a)] -> xpath: //div[@class='category-grid sub-category-grid']//h2/a], [[ChromeDriver: chrome on WINDOWS (7b7fa279adfafffc565b9b0ab30d7d1a)] -> xpath: //div[@class='category-grid sub-category-grid']//h2/a]]
2022-12-20 17:22:04 INFO  DesktopsPage :58 - Select product : [[[ChromeDriver: chrome on WINDOWS (7b7fa279adfafffc565b9b0ab30d7d1a)] -> xpath: //div[@class='products-container']//h2/a], [[ChromeDriver: chrome on WINDOWS (7b7fa279adfafffc565b9b0ab30d7d1a)] -> xpath: //div[@class='products-container']//h2/a], [[ChromeDriver: chrome on WINDOWS (7b7fa279adfafffc565b9b0ab30d7d1a)] -> xpath: //div[@class='products-container']//h2/a]]
2022-12-20 17:22:05 INFO  BuildYourOwnComputerPage :63 - Select processor: [[ChromeDriver: chrome on WINDOWS (7b7fa279adfafffc565b9b0ab30d7d1a)] -> id: product_attribute_1]
2022-12-20 17:22:05 INFO  BuildYourOwnComputerPage :68 - Select ram : [[ChromeDriver: chrome on WINDOWS (7b7fa279adfafffc565b9b0ab30d7d1a)] -> id: product_attribute_2]
2022-12-20 17:22:05 INFO  BuildYourOwnComputerPage :75 - Select hdd : [[ChromeDriver: chrome on WINDOWS (7b7fa279adfafffc565b9b0ab30d7d1a)] -> xpath: //dd[@id='product_attribute_input_3']//li/label]
2022-12-20 17:22:05 INFO  BuildYourOwnComputerPage :85 - Select OS : [[ChromeDriver: chrome on WINDOWS (7b7fa279adfafffc565b9b0ab30d7d1a)] -> xpath: //dd[@id='product_attribute_input_4']//li/label]
2022-12-20 17:22:05 INFO  BuildYourOwnComputerPage :95 - Select software : [[ChromeDriver: chrome on WINDOWS (7b7fa279adfafffc565b9b0ab30d7d1a)] -> xpath: //dd[@id='product_attribute_input_5']//li/label]
2022-12-20 17:22:05 INFO  BuildYourOwnComputerPage :103 - Click on add to cart button : [[ChromeDriver: chrome on WINDOWS (7b7fa279adfafffc565b9b0ab30d7d1a)] -> xpath: //button[@id='add-to-cart-button-1']]
2022-12-20 17:22:06 INFO  BuildYourOwnComputerPage :108 - Get product added message : [[ChromeDriver: chrome on WINDOWS (7b7fa279adfafffc565b9b0ab30d7d1a)] -> xpath: //p[@class='content']]
2022-12-20 17:22:09 INFO  HomePage :90 - Click on menu tab : [[[ChromeDriver: chrome on WINDOWS (ab41a1a50cd0dbad03934d0c211fff13)] -> xpath: //div[@class='header-menu']/child::ul[1]/li/a], [[ChromeDriver: chrome on WINDOWS (ab41a1a50cd0dbad03934d0c211fff13)] -> xpath: //div[@class='header-menu']/child::ul[1]/li/a], [[ChromeDriver: chrome on WINDOWS (ab41a1a50cd0dbad03934d0c211fff13)] -> xpath: //div[@class='header-menu']/child::ul[1]/li/a], [[ChromeDriver: chrome on WINDOWS (ab41a1a50cd0dbad03934d0c211fff13)] -> xpath: //div[@class='header-menu']/child::ul[1]/li/a], [[ChromeDriver: chrome on WINDOWS (ab41a1a50cd0dbad03934d0c211fff13)] -> xpath: //div[@class='header-menu']/child::ul[1]/li/a], [[ChromeDriver: chrome on WINDOWS (ab41a1a50cd0dbad03934d0c211fff13)] -> xpath: //div[@class='header-menu']/child::ul[1]/li/a], [[ChromeDriver: chrome on WINDOWS (ab41a1a50cd0dbad03934d0c211fff13)] -> xpath: //div[@class='header-menu']/child::ul[1]/li/a]]
2022-12-20 17:22:10 INFO  ComputerPage :40 - Click on sub menu : [[[ChromeDriver: chrome on WINDOWS (ab41a1a50cd0dbad03934d0c211fff13)] -> xpath: //div[@class='category-grid sub-category-grid']//h2/a], [[ChromeDriver: chrome on WINDOWS (ab41a1a50cd0dbad03934d0c211fff13)] -> xpath: //div[@class='category-grid sub-category-grid']//h2/a], [[ChromeDriver: chrome on WINDOWS (ab41a1a50cd0dbad03934d0c211fff13)] -> xpath: //div[@class='category-grid sub-category-grid']//h2/a]]
2022-12-20 17:22:11 INFO  DesktopsPage :58 - Select product : [[[ChromeDriver: chrome on WINDOWS (ab41a1a50cd0dbad03934d0c211fff13)] -> xpath: //div[@class='products-container']//h2/a], [[ChromeDriver: chrome on WINDOWS (ab41a1a50cd0dbad03934d0c211fff13)] -> xpath: //div[@class='products-container']//h2/a], [[ChromeDriver: chrome on WINDOWS (ab41a1a50cd0dbad03934d0c211fff13)] -> xpath: //div[@class='products-container']//h2/a]]
2022-12-20 17:22:11 INFO  BuildYourOwnComputerPage :63 - Select processor: [[ChromeDriver: chrome on WINDOWS (ab41a1a50cd0dbad03934d0c211fff13)] -> id: product_attribute_1]
2022-12-20 17:22:12 INFO  BuildYourOwnComputerPage :68 - Select ram : [[ChromeDriver: chrome on WINDOWS (ab41a1a50cd0dbad03934d0c211fff13)] -> id: product_attribute_2]
2022-12-20 17:22:12 INFO  BuildYourOwnComputerPage :75 - Select hdd : [[ChromeDriver: chrome on WINDOWS (ab41a1a50cd0dbad03934d0c211fff13)] -> xpath: //dd[@id='product_attribute_input_3']//li/label]
2022-12-20 17:22:12 INFO  BuildYourOwnComputerPage :85 - Select OS : [[ChromeDriver: chrome on WINDOWS (ab41a1a50cd0dbad03934d0c211fff13)] -> xpath: //dd[@id='product_attribute_input_4']//li/label]
2022-12-20 17:22:12 INFO  BuildYourOwnComputerPage :95 - Select software : [[ChromeDriver: chrome on WINDOWS (ab41a1a50cd0dbad03934d0c211fff13)] -> xpath: //dd[@id='product_attribute_input_5']//li/label]
2022-12-20 17:22:12 INFO  BuildYourOwnComputerPage :103 - Click on add to cart button : [[ChromeDriver: chrome on WINDOWS (ab41a1a50cd0dbad03934d0c211fff13)] -> xpath: //button[@id='add-to-cart-button-1']]
2022-12-20 17:22:12 INFO  BuildYourOwnComputerPage :108 - Get product added message : [[ChromeDriver: chrome on WINDOWS (ab41a1a50cd0dbad03934d0c211fff13)] -> xpath: //p[@class='content']]
2022-12-20 17:22:15 INFO  HomePage :49 - Click on login link : [[ChromeDriver: chrome on WINDOWS (02eb150fb8c539be0d436c2a2f547441)] -> link text: Log in]
2022-12-20 17:22:16 INFO  LoginPage :42 - Get welcome text : [[ChromeDriver: chrome on WINDOWS (02eb150fb8c539be0d436c2a2f547441)] -> xpath: //h1[contains(text(),'Welcome, Please Sign In!')]]
2022-12-20 17:22:18 INFO  HomePage :49 - Click on login link : [[ChromeDriver: chrome on WINDOWS (dfc5a6ff3f616de3ba80692d78eb6669)] -> link text: Log in]
2022-12-20 17:22:19 INFO  LoginPage :48 - Enter email : [[ChromeDriver: chrome on WINDOWS (dfc5a6ff3f616de3ba80692d78eb6669)] -> id: Email]
2022-12-20 17:22:19 INFO  LoginPage :53 - Enter password : [[ChromeDriver: chrome on WINDOWS (dfc5a6ff3f616de3ba80692d78eb6669)] -> name: Password]
2022-12-20 17:22:19 INFO  LoginPage :58 - Click on login button : [[ChromeDriver: chrome on WINDOWS (dfc5a6ff3f616de3ba80692d78eb6669)] -> xpath: //button[contains(text(),'Log in')]]
2022-12-20 17:22:19 INFO  LoginPage :63 - Get error message : [[ChromeDriver: chrome on WINDOWS (dfc5a6ff3f616de3ba80692d78eb6669)] -> xpath: //div[@class='message-error validation-summary-errors']]
2022-12-20 17:22:22 INFO  HomePage :49 - Click on login link : [[ChromeDriver: chrome on WINDOWS (adc41d7b0948cbf27ae34443c459866d)] -> link text: Log in]
2022-12-20 17:22:23 INFO  LoginPage :48 - Enter email : [[ChromeDriver: chrome on WINDOWS (adc41d7b0948cbf27ae34443c459866d)] -> id: Email]
2022-12-20 17:22:23 INFO  LoginPage :53 - Enter password : [[ChromeDriver: chrome on WINDOWS (adc41d7b0948cbf27ae34443c459866d)] -> name: Password]
2022-12-20 17:22:24 INFO  LoginPage :58 - Click on login button : [[ChromeDriver: chrome on WINDOWS (adc41d7b0948cbf27ae34443c459866d)] -> xpath: //button[contains(text(),'Log in')]]
2022-12-20 17:22:24 INFO  HomePage :77 - Check logout link is displayed : [[ChromeDriver: chrome on WINDOWS (adc41d7b0948cbf27ae34443c459866d)] -> xpath: //a[normalize-space()='Log out']]
2022-12-20 17:22:27 INFO  HomePage :49 - Click on login link : [[ChromeDriver: chrome on WINDOWS (14b2a44cea0e3f9b7c691decd4ea3343)] -> link text: Log in]
2022-12-20 17:22:28 INFO  LoginPage :48 - Enter email : [[ChromeDriver: chrome on WINDOWS (14b2a44cea0e3f9b7c691decd4ea3343)] -> id: Email]
2022-12-20 17:22:28 INFO  LoginPage :53 - Enter password : [[ChromeDriver: chrome on WINDOWS (14b2a44cea0e3f9b7c691decd4ea3343)] -> name: Password]
2022-12-20 17:22:28 INFO  LoginPage :58 - Click on login button : [[ChromeDriver: chrome on WINDOWS (14b2a44cea0e3f9b7c691decd4ea3343)] -> xpath: //button[contains(text(),'Log in')]]
2022-12-20 17:22:28 INFO  HomePage :70 - Click on log out link : [[ChromeDriver: chrome on WINDOWS (14b2a44cea0e3f9b7c691decd4ea3343)] -> xpath: //a[normalize-space()='Log out']]
2022-12-20 17:22:29 INFO  HomePage :55 - Check login link is displayed : [[ChromeDriver: chrome on WINDOWS (14b2a44cea0e3f9b7c691decd4ea3343)] -> link text: Log in]
2022-12-20 17:22:32 INFO  HomePage :60 - Click on register link : [[ChromeDriver: chrome on WINDOWS (51b3ba1b880110bf9b0eac6733b631c8)] -> link text: Register]
2022-12-20 17:22:32 INFO  RegisterPage :82 - Get register text : [[ChromeDriver: chrome on WINDOWS (51b3ba1b880110bf9b0eac6733b631c8)] -> css selector: div[class='page-title'] h1]
2022-12-20 17:22:35 INFO  HomePage :60 - Click on register link : [[ChromeDriver: chrome on WINDOWS (eb84b1c6c6299feb53f100be636a990f)] -> link text: Register]
2022-12-20 17:22:36 INFO  RegisterPage :129 - Click on register button : [[ChromeDriver: chrome on WINDOWS (eb84b1c6c6299feb53f100be636a990f)] -> css selector: #register-button]
2022-12-20 17:22:36 INFO  RegisterPage :138 - Get validation error message : [[[ChromeDriver: chrome on WINDOWS (eb84b1c6c6299feb53f100be636a990f)] -> class name: field-validation-error], [[ChromeDriver: chrome on WINDOWS (eb84b1c6c6299feb53f100be636a990f)] -> class name: field-validation-error], [[ChromeDriver: chrome on WINDOWS (eb84b1c6c6299feb53f100be636a990f)] -> class name: field-validation-error], [[ChromeDriver: chrome on WINDOWS (eb84b1c6c6299feb53f100be636a990f)] -> class name: field-validation-error], [[ChromeDriver: chrome on WINDOWS (eb84b1c6c6299feb53f100be636a990f)] -> class name: field-validation-error]]
2022-12-20 17:22:36 INFO  RegisterPage :138 - Get validation error message : [[[ChromeDriver: chrome on WINDOWS (eb84b1c6c6299feb53f100be636a990f)] -> class name: field-validation-error], [[ChromeDriver: chrome on WINDOWS (eb84b1c6c6299feb53f100be636a990f)] -> class name: field-validation-error], [[ChromeDriver: chrome on WINDOWS (eb84b1c6c6299feb53f100be636a990f)] -> class name: field-validation-error], [[ChromeDriver: chrome on WINDOWS (eb84b1c6c6299feb53f100be636a990f)] -> class name: field-validation-error], [[ChromeDriver: chrome on WINDOWS (eb84b1c6c6299feb53f100be636a990f)] -> class name: field-validation-error]]
2022-12-20 17:22:36 INFO  RegisterPage :138 - Get validation error message : [[[ChromeDriver: chrome on WINDOWS (eb84b1c6c6299feb53f100be636a990f)] -> class name: field-validation-error], [[ChromeDriver: chrome on WINDOWS (eb84b1c6c6299feb53f100be636a990f)] -> class name: field-validation-error], [[ChromeDriver: chrome on WINDOWS (eb84b1c6c6299feb53f100be636a990f)] -> class name: field-validation-error], [[ChromeDriver: chrome on WINDOWS (eb84b1c6c6299feb53f100be636a990f)] -> class name: field-validation-error], [[ChromeDriver: chrome on WINDOWS (eb84b1c6c6299feb53f100be636a990f)] -> class name: field-validation-error]]
2022-12-20 17:22:36 INFO  RegisterPage :138 - Get validation error message : [[[ChromeDriver: chrome on WINDOWS (eb84b1c6c6299feb53f100be636a990f)] -> class name: field-validation-error], [[ChromeDriver: chrome on WINDOWS (eb84b1c6c6299feb53f100be636a990f)] -> class name: field-validation-error], [[ChromeDriver: chrome on WINDOWS (eb84b1c6c6299feb53f100be636a990f)] -> class name: field-validation-error], [[ChromeDriver: chrome on WINDOWS (eb84b1c6c6299feb53f100be636a990f)] -> class name: field-validation-error], [[ChromeDriver: chrome on WINDOWS (eb84b1c6c6299feb53f100be636a990f)] -> class name: field-validation-error]]
2022-12-20 17:22:36 INFO  RegisterPage :138 - Get validation error message : [[[ChromeDriver: chrome on WINDOWS (eb84b1c6c6299feb53f100be636a990f)] -> class name: field-validation-error], [[ChromeDriver: chrome on WINDOWS (eb84b1c6c6299feb53f100be636a990f)] -> class name: field-validation-error], [[ChromeDriver: chrome on WINDOWS (eb84b1c6c6299feb53f100be636a990f)] -> class name: field-validation-error], [[ChromeDriver: chrome on WINDOWS (eb84b1c6c6299feb53f100be636a990f)] -> class name: field-validation-error], [[ChromeDriver: chrome on WINDOWS (eb84b1c6c6299feb53f100be636a990f)] -> class name: field-validation-error]]
2022-12-20 17:22:39 INFO  HomePage :60 - Click on register link : [[ChromeDriver: chrome on WINDOWS (1f4ec83ba70d339423cee003c7f087c1)] -> link text: Register]
2022-12-20 17:22:40 INFO  RegisterPage :89 - Select gender : [[[ChromeDriver: chrome on WINDOWS (1f4ec83ba70d339423cee003c7f087c1)] -> xpath: //div[@id='gender']//label], [[ChromeDriver: chrome on WINDOWS (1f4ec83ba70d339423cee003c7f087c1)] -> xpath: //div[@id='gender']//label]]
2022-12-20 17:22:40 INFO  RegisterPage :98 - Enter first name : [[ChromeDriver: chrome on WINDOWS (1f4ec83ba70d339423cee003c7f087c1)] -> id: FirstName]
2022-12-20 17:22:40 INFO  RegisterPage :103 - Enter last name : [[ChromeDriver: chrome on WINDOWS (1f4ec83ba70d339423cee003c7f087c1)] -> id: LastName]
2022-12-20 17:22:40 INFO  RegisterPage :110 - Select day : '10', month : 'March', year : '1997'<br>
2022-12-20 17:22:40 INFO  RegisterPage :115 - Enter email : [[ChromeDriver: chrome on WINDOWS (1f4ec83ba70d339423cee003c7f087c1)] -> name: Email]
2022-12-20 17:22:40 INFO  RegisterPage :120 - Enter password : [[ChromeDriver: chrome on WINDOWS (1f4ec83ba70d339423cee003c7f087c1)] -> id: Password]
2022-12-20 17:22:41 INFO  RegisterPage :125 - Enter confirm password : [[ChromeDriver: chrome on WINDOWS (1f4ec83ba70d339423cee003c7f087c1)] -> id: ConfirmPassword]
2022-12-20 17:22:41 INFO  RegisterPage :129 - Click on register button : [[ChromeDriver: chrome on WINDOWS (1f4ec83ba70d339423cee003c7f087c1)] -> css selector: #register-button]
2022-12-20 17:22:41 INFO  RegisterPage :147 - Get your register completed text : [[ChromeDriver: chrome on WINDOWS (1f4ec83ba70d339423cee003c7f087c1)] -> css selector: .result]
